<?xml version="1.0" encoding="UTF-8"?>
<!-- Generated by org.testng.reporters.JUnitXMLReporter -->
<testsuite ignored="4" hostname="LTIN278825" failures="2" tests="5" name="Test no 1" time="220.702" errors="0" timestamp="2024-03-14T09:48:52 IST">
  <testcase classname="testCases.TC_001_CarLoanDDT" name="carLoanTest" time="30.089"/>
  <testcase classname="testCases.TC_002_HomeLoanDDT" name="homeLoanTest" time="24.49"/>
  <testcase classname="testCases.TC_002_HomeLoanDDT" name="homeLoanTest" time="4.751">
    <failure type="java.lang.AssertionError" message="expected [true] but found [false]">
      <![CDATA[java.lang.AssertionError: expected [true] but found [false]
at testCases.TC_002_HomeLoanDDT.homeLoanTest(TC_002_HomeLoanDDT.java:45)
at java.base/java.util.ArrayList.forEach(ArrayList.java:1511)
... Removed 31 stack frames]]>
    </failure>
  </testcase> <!-- homeLoanTest -->
  <testcase classname="testCases.TC_002_HomeLoanDDT" name="homeLoanTest" time="5.48">
    <failure type="java.lang.AssertionError" message="expected [true] but found [false]">
      <![CDATA[java.lang.AssertionError: expected [true] but found [false]
at testCases.TC_002_HomeLoanDDT.homeLoanTest(TC_002_HomeLoanDDT.java:45)
at java.base/java.util.ArrayList.forEach(ArrayList.java:1511)
... Removed 31 stack frames]]>
    </failure>
  </testcase> <!-- homeLoanTest -->
  <testcase classname="testCases.TC_003_LoanCalculatorDDT" name="LoanCalculatorTest" time="49.609"/>
  <testcase classname="testBase.BaseClass" name="@AfterTest tearDown" time="0.0">
    <ignored/>
  </testcase> <!-- @AfterTest tearDown -->
  <testcase classname="testBase.BaseClass" name="@BeforeTest setUp" time="0.0">
    <ignored/>
  </testcase> <!-- @BeforeTest setUp -->
  <testcase classname="testBase.BaseClass" name="@BeforeTest setUp" time="0.0">
    <ignored/>
  </testcase> <!-- @BeforeTest setUp -->
  <testcase classname="testBase.BaseClass" name="@AfterTest tearDown" time="0.0">
    <ignored/>
  </testcase> <!-- @AfterTest tearDown -->
</testsuite> <!-- Test no 1 -->
