<?xml version="1.0" encoding="UTF-8"?>
<testng-results ignored="0" total="5" passed="3" failed="2" skipped="0">
  <reporter-output>
  </reporter-output>
  <suite started-at="2024-03-14T09:45:10 IST" name="Suite" finished-at="2024-03-14T09:48:51 IST" duration-ms="220702">
    <groups>
    </groups>
    <test started-at="2024-03-14T09:45:10 IST" name="Test no 1" finished-at="2024-03-14T09:48:51 IST" duration-ms="220702">
      <class name="testCases.TC_003_LoanCalculatorDDT">
        <test-method signature="LoanCalculatorTest(java.lang.String,java.lang.String,java.lang.String,java.lang.String,java.lang.String,java.lang.String,java.lang.String,java.lang.String)[pri:5, instance:testCases.TC_003_LoanCalculatorDDT@36fc695d]" started-at="2024-03-14T09:48:00 IST" name="LoanCalculatorTest" data-provider="LoanCalculatorVerificationData" finished-at="2024-03-14T09:48:49 IST" duration-ms="49609" status="PASS">
          <params>
            <param index="0">
              <value>
                <![CDATA[5000000]]>
              </value>
            </param>
            <param index="1">
              <value>
                <![CDATA[9]]>
              </value>
            </param>
            <param index="2">
              <value>
                <![CDATA[3]]>
              </value>
            </param>
            <param index="3">
              <value>
                <![CDATA[50000]]>
              </value>
            </param>
            <param index="4">
              <value>
                <![CDATA[1,58,998]]>
              </value>
            </param>
            <param index="5">
              <value>
                <![CDATA[9.69]]>
              </value>
            </param>
            <param index="6">
              <value>
                <![CDATA[7,23,952]]>
              </value>
            </param>
            <param index="7">
              <value>
                <![CDATA[57,73,952]]>
              </value>
            </param>
          </params>
          <reporter-output>
          </reporter-output>
        </test-method> <!-- LoanCalculatorTest -->
      </class> <!-- testCases.TC_003_LoanCalculatorDDT -->
      <class name="testCases.TC_002_HomeLoanDDT">
        <test-method signature="homeLoanTest(java.lang.String,java.lang.String,java.lang.String,java.lang.String,java.lang.String,java.lang.String)[pri:1, instance:testCases.TC_002_HomeLoanDDT@2b71e916]" started-at="2024-03-14T09:47:24 IST" name="homeLoanTest" data-provider="HomeLoanVerificationData" finished-at="2024-03-14T09:47:48 IST" duration-ms="24490" status="PASS">
          <params>
            <param index="0">
              <value>
                <![CDATA[1500000]]>
              </value>
            </param>
            <param index="1">
              <value>
                <![CDATA[9.5]]>
              </value>
            </param>
            <param index="2">
              <value>
                <![CDATA[1]]>
              </value>
            </param>
            <param index="3">
              <value>
                <![CDATA[1,31,525]]>
              </value>
            </param>
            <param index="4">
              <value>
                <![CDATA[78,303]]>
              </value>
            </param>
            <param index="5">
              <value>
                <![CDATA[15,78,303]]>
              </value>
            </param>
          </params>
          <reporter-output>
          </reporter-output>
        </test-method> <!-- homeLoanTest -->
        <test-method signature="homeLoanTest(java.lang.String,java.lang.String,java.lang.String,java.lang.String,java.lang.String,java.lang.String)[pri:1, instance:testCases.TC_002_HomeLoanDDT@2b71e916]" started-at="2024-03-14T09:47:49 IST" name="homeLoanTest" data-provider="HomeLoanVerificationData" finished-at="2024-03-14T09:47:53 IST" duration-ms="4751" status="FAIL">
          <params>
            <param index="0">
              <value>
                <![CDATA[2500000]]>
              </value>
            </param>
            <param index="1">
              <value>
                <![CDATA[10.5]]>
              </value>
            </param>
            <param index="2">
              <value>
                <![CDATA[2]]>
              </value>
            </param>
            <param index="3">
              <value>
                <![CDATA[2,13,450]]>
              </value>
            </param>
            <param index="4">
              <value>
                <![CDATA[98,303]]>
              </value>
            </param>
            <param index="5">
              <value>
                <![CDATA[25,78,303]]>
              </value>
            </param>
          </params>
          <exception class="java.lang.AssertionError">
            <message>
              <![CDATA[expected [true] but found [false]]]>
            </message>
            <full-stacktrace>
              <![CDATA[java.lang.AssertionError: expected [true] but found [false]
at org.testng.Assert.fail(Assert.java:111)
at org.testng.Assert.failNotEquals(Assert.java:1578)
at org.testng.Assert.assertTrue(Assert.java:57)
at org.testng.Assert.assertTrue(Assert.java:67)
at testCases.TC_002_HomeLoanDDT.homeLoanTest(TC_002_HomeLoanDDT.java:45)
at java.base/jdk.internal.reflect.NativeMethodAccessorImpl.invoke0(Native Method)
at java.base/jdk.internal.reflect.NativeMethodAccessorImpl.invoke(NativeMethodAccessorImpl.java:77)
at java.base/jdk.internal.reflect.DelegatingMethodAccessorImpl.invoke(DelegatingMethodAccessorImpl.java:43)
at java.base/java.lang.reflect.Method.invoke(Method.java:568)
at org.testng.internal.invokers.MethodInvocationHelper.invokeMethod(MethodInvocationHelper.java:139)
at org.testng.internal.invokers.TestInvoker.invokeMethod(TestInvoker.java:664)
at org.testng.internal.invokers.TestInvoker.invokeTestMethod(TestInvoker.java:228)
at org.testng.internal.invokers.MethodRunner.runInSequence(MethodRunner.java:63)
at org.testng.internal.invokers.TestInvoker$MethodInvocationAgent.invoke(TestInvoker.java:961)
at org.testng.internal.invokers.TestInvoker.invokeTestMethods(TestInvoker.java:201)
at org.testng.internal.invokers.TestMethodWorker.invokeTestMethods(TestMethodWorker.java:148)
at org.testng.internal.invokers.TestMethodWorker.run(TestMethodWorker.java:128)
at java.base/java.util.ArrayList.forEach(ArrayList.java:1511)
at org.testng.TestRunner.privateRun(TestRunner.java:819)
at org.testng.TestRunner.run(TestRunner.java:619)
at org.testng.SuiteRunner.runTest(SuiteRunner.java:443)
at org.testng.SuiteRunner.runSequentially(SuiteRunner.java:437)
at org.testng.SuiteRunner.privateRun(SuiteRunner.java:397)
at org.testng.SuiteRunner.run(SuiteRunner.java:336)
at org.testng.SuiteRunnerWorker.runSuite(SuiteRunnerWorker.java:52)
at org.testng.SuiteRunnerWorker.run(SuiteRunnerWorker.java:95)
at org.testng.TestNG.runSuitesSequentially(TestNG.java:1301)
at org.testng.TestNG.runSuitesLocally(TestNG.java:1228)
at org.testng.TestNG.runSuites(TestNG.java:1134)
at org.testng.TestNG.run(TestNG.java:1101)
at org.testng.remote.AbstractRemoteTestNG.run(AbstractRemoteTestNG.java:115)
at org.testng.remote.RemoteTestNG.initAndRun(RemoteTestNG.java:251)
at org.testng.remote.RemoteTestNG.main(RemoteTestNG.java:77)
]]>
            </full-stacktrace>
          </exception> <!-- java.lang.AssertionError -->
          <reporter-output>
          </reporter-output>
        </test-method> <!-- homeLoanTest -->
        <test-method signature="homeLoanTest(java.lang.String,java.lang.String,java.lang.String,java.lang.String,java.lang.String,java.lang.String)[pri:1, instance:testCases.TC_002_HomeLoanDDT@2b71e916]" started-at="2024-03-14T09:47:54 IST" name="homeLoanTest" data-provider="HomeLoanVerificationData" finished-at="2024-03-14T09:47:59 IST" duration-ms="5480" status="FAIL">
          <params>
            <param index="0">
              <value>
                <![CDATA[3500000]]>
              </value>
            </param>
            <param index="1">
              <value>
                <![CDATA[8.5]]>
              </value>
            </param>
            <param index="2">
              <value>
                <![CDATA[3]]>
              </value>
            </param>
            <param index="3">
              <value>
                <![CDATA[2,13,450]]>
              </value>
            </param>
            <param index="4">
              <value>
                <![CDATA[98,303]]>
              </value>
            </param>
            <param index="5">
              <value>
                <![CDATA[25,78,303]]>
              </value>
            </param>
          </params>
          <exception class="java.lang.AssertionError">
            <message>
              <![CDATA[expected [true] but found [false]]]>
            </message>
            <full-stacktrace>
              <![CDATA[java.lang.AssertionError: expected [true] but found [false]
at org.testng.Assert.fail(Assert.java:111)
at org.testng.Assert.failNotEquals(Assert.java:1578)
at org.testng.Assert.assertTrue(Assert.java:57)
at org.testng.Assert.assertTrue(Assert.java:67)
at testCases.TC_002_HomeLoanDDT.homeLoanTest(TC_002_HomeLoanDDT.java:45)
at java.base/jdk.internal.reflect.NativeMethodAccessorImpl.invoke0(Native Method)
at java.base/jdk.internal.reflect.NativeMethodAccessorImpl.invoke(NativeMethodAccessorImpl.java:77)
at java.base/jdk.internal.reflect.DelegatingMethodAccessorImpl.invoke(DelegatingMethodAccessorImpl.java:43)
at java.base/java.lang.reflect.Method.invoke(Method.java:568)
at org.testng.internal.invokers.MethodInvocationHelper.invokeMethod(MethodInvocationHelper.java:139)
at org.testng.internal.invokers.TestInvoker.invokeMethod(TestInvoker.java:664)
at org.testng.internal.invokers.TestInvoker.invokeTestMethod(TestInvoker.java:228)
at org.testng.internal.invokers.MethodRunner.runInSequence(MethodRunner.java:63)
at org.testng.internal.invokers.TestInvoker$MethodInvocationAgent.invoke(TestInvoker.java:961)
at org.testng.internal.invokers.TestInvoker.invokeTestMethods(TestInvoker.java:201)
at org.testng.internal.invokers.TestMethodWorker.invokeTestMethods(TestMethodWorker.java:148)
at org.testng.internal.invokers.TestMethodWorker.run(TestMethodWorker.java:128)
at java.base/java.util.ArrayList.forEach(ArrayList.java:1511)
at org.testng.TestRunner.privateRun(TestRunner.java:819)
at org.testng.TestRunner.run(TestRunner.java:619)
at org.testng.SuiteRunner.runTest(SuiteRunner.java:443)
at org.testng.SuiteRunner.runSequentially(SuiteRunner.java:437)
at org.testng.SuiteRunner.privateRun(SuiteRunner.java:397)
at org.testng.SuiteRunner.run(SuiteRunner.java:336)
at org.testng.SuiteRunnerWorker.runSuite(SuiteRunnerWorker.java:52)
at org.testng.SuiteRunnerWorker.run(SuiteRunnerWorker.java:95)
at org.testng.TestNG.runSuitesSequentially(TestNG.java:1301)
at org.testng.TestNG.runSuitesLocally(TestNG.java:1228)
at org.testng.TestNG.runSuites(TestNG.java:1134)
at org.testng.TestNG.run(TestNG.java:1101)
at org.testng.remote.AbstractRemoteTestNG.run(AbstractRemoteTestNG.java:115)
at org.testng.remote.RemoteTestNG.initAndRun(RemoteTestNG.java:251)
at org.testng.remote.RemoteTestNG.main(RemoteTestNG.java:77)
]]>
            </full-stacktrace>
          </exception> <!-- java.lang.AssertionError -->
          <reporter-output>
          </reporter-output>
        </test-method> <!-- homeLoanTest -->
      </class> <!-- testCases.TC_002_HomeLoanDDT -->
      <class name="testCases.TC_001_CarLoanDDT">
        <test-method is-config="true" signature="setUp(java.lang.String)[pri:0, instance:testCases.TC_001_CarLoanDDT@74235045]" started-at="2024-03-14T09:45:12 IST" name="setUp" finished-at="2024-03-14T09:46:46 IST" duration-ms="94518" status="PASS">
          <params>
            <param index="0">
              <value>
                <![CDATA[chrome]]>
              </value>
            </param>
          </params>
          <reporter-output>
          </reporter-output>
        </test-method> <!-- setUp -->
        <test-method signature="carLoanTest(java.lang.String,java.lang.String,java.lang.String,java.lang.String,java.lang.String,java.lang.String)[pri:0, instance:testCases.TC_001_CarLoanDDT@74235045]" started-at="2024-03-14T09:46:52 IST" name="carLoanTest" data-provider="CarLoanVerificationData" finished-at="2024-03-14T09:47:22 IST" duration-ms="30089" status="PASS">
          <params>
            <param index="0">
              <value>
                <![CDATA[1500000]]>
              </value>
            </param>
            <param index="1">
              <value>
                <![CDATA[9.5]]>
              </value>
            </param>
            <param index="2">
              <value>
                <![CDATA[1]]>
              </value>
            </param>
            <param index="3">
              <value>
                <![CDATA[1,31,525]]>
              </value>
            </param>
            <param index="4">
              <value>
                <![CDATA[78,303]]>
              </value>
            </param>
            <param index="5">
              <value>
                <![CDATA[15,78,303]]>
              </value>
            </param>
          </params>
          <reporter-output>
          </reporter-output>
        </test-method> <!-- carLoanTest -->
        <test-method is-config="true" signature="tearDown()[pri:0, instance:testCases.TC_001_CarLoanDDT@74235045]" started-at="2024-03-14T09:48:50 IST" name="tearDown" finished-at="2024-03-14T09:48:51 IST" duration-ms="1328" status="PASS">
          <reporter-output>
          </reporter-output>
        </test-method> <!-- tearDown -->
      </class> <!-- testCases.TC_001_CarLoanDDT -->
    </test> <!-- Test no 1 -->
  </suite> <!-- Suite -->
</testng-results>
